<testsuites id="" name="" tests="45" failures="30" skipped="0" errors="0" time="63.769057000000004">
<testsuite name="browser-accessibility.test.ts" timestamp="2025-08-26T19:10:11.805Z" hostname="accessibility-chromium" tests="15" failures="11" skipped="0" time="181.238" errors="0">
<testcase name="Browser Accessibility Tests - WCAG 2.1 AA › should pass axe accessibility scan on homepage" classname="browser-accessibility.test.ts" time="6.462">
<failure message="browser-accessibility.test.ts:12:7 should pass axe accessibility scan on homepage" type="FAILURE">
<![CDATA[  [accessibility-chromium] › browser-accessibility.test.ts:12:7 › Browser Accessibility Tests - WCAG 2.1 AA › should pass axe accessibility scan on homepage 

    Error: expect(received).toEqual(expected) // deep equality

    - Expected  -   1
    + Received  + 187

    - Array []
    + Array [
    +   Object {
    +     "description": "Ensure ARIA attributes are not prohibited for an element's role",
    +     "help": "Elements must only use permitted ARIA attributes",
    +     "helpUrl": "https://dequeuniversity.com/rules/axe/4.10/aria-prohibited-attr?application=playwright",
    +     "id": "aria-prohibited-attr",
    +     "impact": "serious",
    +     "nodes": Array [
    +       Object {
    +         "all": Array [],
    +         "any": Array [],
    +         "failureSummary": "Fix all of the following:
    +   aria-label attribute cannot be used on a div with no valid role attribute.",
    +         "html": "<div class=\"relative h-8 w-8\" aria-label=\"ScentMatch Logo\">",
    +         "impact": "serious",
    +         "none": Array [
    +           Object {
    +             "data": Object {
    +               "messageKey": "noRoleSingular",
    +               "nodeName": "div",
    +               "prohibited": Array [
    +                 "aria-label",
    +               ],
    +               "role": null,
    +             },
    +             "id": "aria-prohibited-attr",
    +             "impact": "serious",
    +             "message": "aria-label attribute cannot be used on a div with no valid role attribute.",
    +             "relatedNodes": Array [],
    +           },
    +         ],
    +         "target": Array [
    +           "div[aria-label=\"ScentMatch Logo\"]",
    +         ],
    +       },
    +     ],
    +     "tags": Array [
    +       "cat.aria",
    +       "wcag2a",
    +       "wcag412",
    +       "EN-301-549",
    +       "EN-9.4.1.2",
    +     ],
    +   },
    +   Object {
    +     "description": "Ensure the contrast between foreground and background colors meets WCAG 2 AA minimum contrast ratio thresholds",
    +     "help": "Elements must meet minimum color contrast ratio thresholds",
    +     "helpUrl": "https://dequeuniversity.com/rules/axe/4.10/color-contrast?application=playwright",
    +     "id": "color-contrast",
    +     "impact": "serious",
    +     "nodes": Array [
    +       Object {
    +         "all": Array [],
    +         "any": Array [
    +           Object {
    +             "data": Object {
    +               "bgColor": "#f7f6f2",
    +               "contrastRatio": 4.32,
    +               "expectedContrastRatio": "4.5:1",
    +               "fgColor": "#7a7087",
    +               "fontSize": "10.5pt (14px)",
    +               "fontWeight": "normal",
    +               "messageKey": null,
    +             },
    +             "id": "color-contrast",
    +             "impact": "serious",
    +             "message": "Element has insufficient color contrast of 4.32 (foreground color: #7a7087, background color: #f7f6f2, font size: 10.5pt (14px), font weight: normal). Expected contrast ratio of 4.5:1",
    +             "relatedNodes": Array [
    +               Object {
    +                 "html": "<header class=\"sticky top-0 z-50 w-full border-b border-border/40 bg-background/95 backdrop-blur supports-[backdrop-filter]:bg-background/60\">",
    +                 "target": Array [
    +                   "header",
    +                 ],
    +               },
    +               Object {
    +                 "html": "<main class=\"min-h-screen bg-background\">",
    +                 "target": Array [
    +                   ".min-h-screen",
    +                 ],
    +               },
    +             ],
    +           },
    +         ],
    +         "failureSummary": "Fix any of the following:
    +   Element has insufficient color contrast of 4.32 (foreground color: #7a7087, background color: #f7f6f2, font size: 10.5pt (14px), font weight: normal). Expected contrast ratio of 4.5:1",
    +         "html": "<a class=\"text-foreground/60 hover:text-foreground transition-colors\" href=\"/browse\">Browse Fragrances</a>",
    +         "impact": "serious",
    +         "none": Array [],
    +         "target": Array [
    +           ".text-foreground\\/60.transition-colors[href$=\"browse\"]",
    +         ],
    +       },
    +       Object {
    +         "all": Array [],
    +         "any": Array [
    +           Object {
    +             "data": Object {
    +               "bgColor": "#f7f6f2",
    +               "contrastRatio": 4.32,
    +               "expectedContrastRatio": "4.5:1",
    +               "fgColor": "#7a7087",
    +               "fontSize": "10.5pt (14px)",
    +               "fontWeight": "normal",
    +               "messageKey": null,
    +             },
    +             "id": "color-contrast",
    +             "impact": "serious",
    +             "message": "Element has insufficient color contrast of 4.32 (foreground color: #7a7087, background color: #f7f6f2, font size: 10.5pt (14px), font weight: normal). Expected contrast ratio of 4.5:1",
    +             "relatedNodes": Array [
    +               Object {
    +                 "html": "<header class=\"sticky top-0 z-50 w-full border-b border-border/40 bg-background/95 backdrop-blur supports-[backdrop-filter]:bg-background/60\">",
    +                 "target": Array [
    +                   "header",
    +                 ],
    +               },
    +               Object {
    +                 "html": "<main class=\"min-h-screen bg-background\">",
    +                 "target": Array [
    +                   ".min-h-screen",
    +                 ],
    +               },
    +             ],
    +           },
    +         ],
    +         "failureSummary": "Fix any of the following:
    +   Element has insufficient color contrast of 4.32 (foreground color: #7a7087, background color: #f7f6f2, font size: 10.5pt (14px), font weight: normal). Expected contrast ratio of 4.5:1",
    +         "html": "<a class=\"text-foreground/60 hover:text-foreground transition-colors\" href=\"/quiz\">Take Quiz</a>",
    +         "impact": "serious",
    +         "none": Array [],
    +         "target": Array [
    +           ".text-foreground\\/60.transition-colors[href$=\"quiz\"]",
    +         ],
    +       },
    +       Object {
    +         "all": Array [],
    +         "any": Array [
    +           Object {
    +             "data": Object {
    +               "bgColor": "#f7f6f2",
    +               "contrastRatio": 4.32,
    +               "expectedContrastRatio": "4.5:1",
    +               "fgColor": "#7a7087",
    +               "fontSize": "10.5pt (14px)",
    +               "fontWeight": "normal",
    +               "messageKey": null,
    +             },
    +             "id": "color-contrast",
    +             "impact": "serious",
    +             "message": "Element has insufficient color contrast of 4.32 (foreground color: #7a7087, background color: #f7f6f2, font size: 10.5pt (14px), font weight: normal). Expected contrast ratio of 4.5:1",
    +             "relatedNodes": Array [
    +               Object {
    +                 "html": "<header class=\"sticky top-0 z-50 w-full border-b border-border/40 bg-background/95 backdrop-blur supports-[backdrop-filter]:bg-background/60\">",
    +                 "target": Array [
    +                   "header",
    +                 ],
    +               },
    +               Object {
    +                 "html": "<main class=\"min-h-screen bg-background\">",
    +                 "target": Array [
    +                   ".min-h-screen",
    +                 ],
    +               },
    +             ],
    +           },
    +         ],
    +         "failureSummary": "Fix any of the following:
    +   Element has insufficient color contrast of 4.32 (foreground color: #7a7087, background color: #f7f6f2, font size: 10.5pt (14px), font weight: normal). Expected contrast ratio of 4.5:1",
    +         "html": "<a class=\"text-foreground/60 hover:text-foreground transition-colors\" href=\"/recommendations\">Recommendations</a>",
    +         "impact": "serious",
    +         "none": Array [],
    +         "target": Array [
    +           ".text-foreground\\/60.transition-colors[href$=\"recommendations\"]",
    +         ],
    +       },
    +     ],
    +     "tags": Array [
    +       "cat.color",
    +       "wcag2aa",
    +       "wcag143",
    +       "TTv5",
    +       "TT13.c",
    +       "EN-301-549",
    +       "EN-9.1.4.3",
    +       "ACT",
    +     ],
    +   },
    + ]

      15 |       .analyze();
      16 |
    > 17 |     expect(accessibilityScanResults.violations).toEqual([]);
         |                                                 ^
      18 |   });
      19 |
      20 |   test('should have proper heading hierarchy', async ({ page }) => {
        at /home/kevinjavier/dev/scentmatch/tests/accessibility/browser-accessibility.test.ts:17:49

    attachment #1: screenshot (image/png) ──────────────────────────────────────────────────────────
    ../../test-results/browser-accessibility-Brow-6a487-essibility-scan-on-homepage-accessibility-chromium/test-failed-1.png
    ────────────────────────────────────────────────────────────────────────────────────────────────

    Error Context: ../../test-results/browser-accessibility-Brow-6a487-essibility-scan-on-homepage-accessibility-chromium/error-context.md
]]>
</failure>
<system-out>
<![CDATA[
[[ATTACHMENT|test-results/browser-accessibility-Brow-6a487-essibility-scan-on-homepage-accessibility-chromium/test-failed-1.png]]

[[ATTACHMENT|test-results/browser-accessibility-Brow-6a487-essibility-scan-on-homepage-accessibility-chromium/error-context.md]]
]]>
</system-out>
</testcase>
<testcase name="Browser Accessibility Tests - WCAG 2.1 AA › should have proper heading hierarchy" classname="browser-accessibility.test.ts" time="4.76">
<failure message="browser-accessibility.test.ts:20:7 should have proper heading hierarchy" type="FAILURE">
<![CDATA[  [accessibility-chromium] › browser-accessibility.test.ts:20:7 › Browser Accessibility Tests - WCAG 2.1 AA › should have proper heading hierarchy 

    Error: expect(received).toBeLessThanOrEqual(expected)

    Expected: <= 1
    Received:    2

      30 |       
      31 |       // Heading level shouldn't skip more than one level
    > 32 |       expect(currentLevel - previousLevel).toBeLessThanOrEqual(1);
         |                                            ^
      33 |     }
      34 |
      35 |     // Should have exactly one h1
        at /home/kevinjavier/dev/scentmatch/tests/accessibility/browser-accessibility.test.ts:32:44

    attachment #1: screenshot (image/png) ──────────────────────────────────────────────────────────
    ../../test-results/browser-accessibility-Brow-f1ec3-ve-proper-heading-hierarchy-accessibility-chromium/test-failed-1.png
    ────────────────────────────────────────────────────────────────────────────────────────────────

    Error Context: ../../test-results/browser-accessibility-Brow-f1ec3-ve-proper-heading-hierarchy-accessibility-chromium/error-context.md
]]>
</failure>
<system-out>
<![CDATA[
[[ATTACHMENT|test-results/browser-accessibility-Brow-f1ec3-ve-proper-heading-hierarchy-accessibility-chromium/test-failed-1.png]]

[[ATTACHMENT|test-results/browser-accessibility-Brow-f1ec3-ve-proper-heading-hierarchy-accessibility-chromium/error-context.md]]
]]>
</system-out>
</testcase>
<testcase name="Browser Accessibility Tests - WCAG 2.1 AA › should have skip links that work" classname="browser-accessibility.test.ts" time="5.44">
</testcase>
<testcase name="Browser Accessibility Tests - WCAG 2.1 AA › should support keyboard navigation through bottom nav" classname="browser-accessibility.test.ts" time="9.822">
<failure message="browser-accessibility.test.ts:55:7 should support keyboard navigation through bottom nav" type="FAILURE">
<![CDATA[  [accessibility-chromium] › browser-accessibility.test.ts:55:7 › Browser Accessibility Tests - WCAG 2.1 AA › should support keyboard navigation through bottom nav 

    Error: Timed out 5000ms waiting for expect(locator).toBeFocused()

    Locator: locator('nav[aria-label="Bottom navigation"] button').first()
    Expected: focused
    Received: inactive
    Call log:
      - Expect "toBeFocused" with timeout 5000ms
      - waiting for locator('nav[aria-label="Bottom navigation"] button').first()
        9 × locator resolved to <button tabindex="0" type="button" role="button" data-active="true" aria-current="page" aria-label="Discover fragrances" class="touch-target flex flex-col items-center justify-center gap-1 px-2 py-1 transition-all duration-200 ease-in-out focus-visible:outline-none focus-visible:ring-2 focus-visible:ring-ring focus-visible:ring-offset-2 rounded-lg text-primary">…</button>
          - unexpected value "inactive"


      64 |     for (let i = 0; i < buttonCount; i++) {
      65 |       const button = navButtons.nth(i);
    > 66 |       await expect(button).toBeFocused();
         |                            ^
      67 |       
      68 |       // Check that button has proper aria-label
      69 |       const ariaLabel = await button.getAttribute('aria-label');
        at /home/kevinjavier/dev/scentmatch/tests/accessibility/browser-accessibility.test.ts:66:28

    attachment #1: screenshot (image/png) ──────────────────────────────────────────────────────────
    ../../test-results/browser-accessibility-Brow-cdab4-vigation-through-bottom-nav-accessibility-chromium/test-failed-1.png
    ────────────────────────────────────────────────────────────────────────────────────────────────

    Error Context: ../../test-results/browser-accessibility-Brow-cdab4-vigation-through-bottom-nav-accessibility-chromium/error-context.md
]]>
</failure>
<system-out>
<![CDATA[
[[ATTACHMENT|test-results/browser-accessibility-Brow-cdab4-vigation-through-bottom-nav-accessibility-chromium/test-failed-1.png]]

[[ATTACHMENT|test-results/browser-accessibility-Brow-cdab4-vigation-through-bottom-nav-accessibility-chromium/error-context.md]]
]]>
</system-out>
</testcase>
<testcase name="Browser Accessibility Tests - WCAG 2.1 AA › should have sufficient color contrast" classname="browser-accessibility.test.ts" time="5.571">
<failure message="browser-accessibility.test.ts:79:7 should have sufficient color contrast" type="FAILURE">
<![CDATA[  [accessibility-chromium] › browser-accessibility.test.ts:79:7 › Browser Accessibility Tests - WCAG 2.1 AA › should have sufficient color contrast 

    Error: expect(received).toEqual(expected) // deep equality

    - Expected  -   1
    + Received  + 144

    - Array []
    + Array [
    +   Object {
    +     "description": "Ensure the contrast between foreground and background colors meets WCAG 2 AA minimum contrast ratio thresholds",
    +     "help": "Elements must meet minimum color contrast ratio thresholds",
    +     "helpUrl": "https://dequeuniversity.com/rules/axe/4.10/color-contrast?application=playwright",
    +     "id": "color-contrast",
    +     "impact": "serious",
    +     "nodes": Array [
    +       Object {
    +         "all": Array [],
    +         "any": Array [
    +           Object {
    +             "data": Object {
    +               "bgColor": "#f7f6f2",
    +               "contrastRatio": 4.32,
    +               "expectedContrastRatio": "4.5:1",
    +               "fgColor": "#7a7087",
    +               "fontSize": "10.5pt (14px)",
    +               "fontWeight": "normal",
    +               "messageKey": null,
    +             },
    +             "id": "color-contrast",
    +             "impact": "serious",
    +             "message": "Element has insufficient color contrast of 4.32 (foreground color: #7a7087, background color: #f7f6f2, font size: 10.5pt (14px), font weight: normal). Expected contrast ratio of 4.5:1",
    +             "relatedNodes": Array [
    +               Object {
    +                 "html": "<header class=\"sticky top-0 z-50 w-full border-b border-border/40 bg-background/95 backdrop-blur supports-[backdrop-filter]:bg-background/60\">",
    +                 "target": Array [
    +                   "header",
    +                 ],
    +               },
    +               Object {
    +                 "html": "<main class=\"min-h-screen bg-background\">",
    +                 "target": Array [
    +                   ".min-h-screen",
    +                 ],
    +               },
    +             ],
    +           },
    +         ],
    +         "failureSummary": "Fix any of the following:
    +   Element has insufficient color contrast of 4.32 (foreground color: #7a7087, background color: #f7f6f2, font size: 10.5pt (14px), font weight: normal). Expected contrast ratio of 4.5:1",
    +         "html": "<a class=\"text-foreground/60 hover:text-foreground transition-colors\" href=\"/browse\">Browse Fragrances</a>",
    +         "impact": "serious",
    +         "none": Array [],
    +         "target": Array [
    +           ".text-foreground\\/60.transition-colors[href$=\"browse\"]",
    +         ],
    +       },
    +       Object {
    +         "all": Array [],
    +         "any": Array [
    +           Object {
    +             "data": Object {
    +               "bgColor": "#f7f6f2",
    +               "contrastRatio": 4.32,
    +               "expectedContrastRatio": "4.5:1",
    +               "fgColor": "#7a7087",
    +               "fontSize": "10.5pt (14px)",
    +               "fontWeight": "normal",
    +               "messageKey": null,
    +             },
    +             "id": "color-contrast",
    +             "impact": "serious",
    +             "message": "Element has insufficient color contrast of 4.32 (foreground color: #7a7087, background color: #f7f6f2, font size: 10.5pt (14px), font weight: normal). Expected contrast ratio of 4.5:1",
    +             "relatedNodes": Array [
    +               Object {
    +                 "html": "<header class=\"sticky top-0 z-50 w-full border-b border-border/40 bg-background/95 backdrop-blur supports-[backdrop-filter]:bg-background/60\">",
    +                 "target": Array [
    +                   "header",
    +                 ],
    +               },
    +               Object {
    +                 "html": "<main class=\"min-h-screen bg-background\">",
    +                 "target": Array [
    +                   ".min-h-screen",
    +                 ],
    +               },
    +             ],
    +           },
    +         ],
    +         "failureSummary": "Fix any of the following:
    +   Element has insufficient color contrast of 4.32 (foreground color: #7a7087, background color: #f7f6f2, font size: 10.5pt (14px), font weight: normal). Expected contrast ratio of 4.5:1",
    +         "html": "<a class=\"text-foreground/60 hover:text-foreground transition-colors\" href=\"/quiz\">Take Quiz</a>",
    +         "impact": "serious",
    +         "none": Array [],
    +         "target": Array [
    +           ".text-foreground\\/60.transition-colors[href$=\"quiz\"]",
    +         ],
    +       },
    +       Object {
    +         "all": Array [],
    +         "any": Array [
    +           Object {
    +             "data": Object {
    +               "bgColor": "#f7f6f2",
    +               "contrastRatio": 4.32,
    +               "expectedContrastRatio": "4.5:1",
    +               "fgColor": "#7a7087",
    +               "fontSize": "10.5pt (14px)",
    +               "fontWeight": "normal",
    +               "messageKey": null,
    +             },
    +             "id": "color-contrast",
    +             "impact": "serious",
    +             "message": "Element has insufficient color contrast of 4.32 (foreground color: #7a7087, background color: #f7f6f2, font size: 10.5pt (14px), font weight: normal). Expected contrast ratio of 4.5:1",
    +             "relatedNodes": Array [
    +               Object {
    +                 "html": "<header class=\"sticky top-0 z-50 w-full border-b border-border/40 bg-background/95 backdrop-blur supports-[backdrop-filter]:bg-background/60\">",
    +                 "target": Array [
    +                   "header",
    +                 ],
    +               },
    +               Object {
    +                 "html": "<main class=\"min-h-screen bg-background\">",
    +                 "target": Array [
    +                   ".min-h-screen",
    +                 ],
    +               },
    +             ],
    +           },
    +         ],
    +         "failureSummary": "Fix any of the following:
    +   Element has insufficient color contrast of 4.32 (foreground color: #7a7087, background color: #f7f6f2, font size: 10.5pt (14px), font weight: normal). Expected contrast ratio of 4.5:1",
    +         "html": "<a class=\"text-foreground/60 hover:text-foreground transition-colors\" href=\"/recommendations\">Recommendations</a>",
    +         "impact": "serious",
    +         "none": Array [],
    +         "target": Array [
    +           ".text-foreground\\/60.transition-colors[href$=\"recommendations\"]",
    +         ],
    +       },
    +     ],
    +     "tags": Array [
    +       "cat.color",
    +       "wcag2aa",
    +       "wcag143",
    +       "TTv5",
    +       "TT13.c",
    +       "EN-301-549",
    +       "EN-9.1.4.3",
    +       "ACT",
    +     ],
    +   },
    + ]

      87 |     );
      88 |
    > 89 |     expect(colorContrastViolations).toEqual([]);
         |                                     ^
      90 |   });
      91 |
      92 |   test('should support high contrast mode', async ({ page }) => {
        at /home/kevinjavier/dev/scentmatch/tests/accessibility/browser-accessibility.test.ts:89:37

    attachment #1: screenshot (image/png) ──────────────────────────────────────────────────────────
    ../../test-results/browser-accessibility-Brow-0bb9c-e-sufficient-color-contrast-accessibility-chromium/test-failed-1.png
    ────────────────────────────────────────────────────────────────────────────────────────────────

    Error Context: ../../test-results/browser-accessibility-Brow-0bb9c-e-sufficient-color-contrast-accessibility-chromium/error-context.md
]]>
</failure>
<system-out>
<![CDATA[
[[ATTACHMENT|test-results/browser-accessibility-Brow-0bb9c-e-sufficient-color-contrast-accessibility-chromium/test-failed-1.png]]

[[ATTACHMENT|test-results/browser-accessibility-Brow-0bb9c-e-sufficient-color-contrast-accessibility-chromium/error-context.md]]
]]>
</system-out>
</testcase>
<testcase name="Browser Accessibility Tests - WCAG 2.1 AA › should support high contrast mode" classname="browser-accessibility.test.ts" time="5.567">
<failure message="browser-accessibility.test.ts:92:7 should support high contrast mode" type="FAILURE">
<![CDATA[  [accessibility-chromium] › browser-accessibility.test.ts:92:7 › Browser Accessibility Tests - WCAG 2.1 AA › should support high contrast mode 

    Error: expect(received).toEqual(expected) // deep equality

    - Expected  -    1
    + Received  + 2688

    - Array []
    + Array [
    +   Object {
    +     "description": "Ensure the contrast between foreground and background colors meets WCAG 2 AA minimum contrast ratio thresholds",
    +     "help": "Elements must meet minimum color contrast ratio thresholds",
    +     "helpUrl": "https://dequeuniversity.com/rules/axe/4.10/color-contrast?application=playwright",
    +     "id": "color-contrast",
    +     "impact": "serious",
    +     "nodes": Array [
    +       Object {
    +         "all": Array [],
    +         "any": Array [
    +           Object {
    +             "data": Object {
    +               "bgColor": "#000000",
    +               "contrastRatio": 1.12,
    +               "expectedContrastRatio": "4.5:1",
    +               "fgColor": "#170e26",
    +               "fontSize": "10.5pt (14px)",
    +               "fontWeight": "normal",
    +               "messageKey": null,
    +             },
    +             "id": "color-contrast",
    +             "impact": "serious",
    +             "message": "Element has insufficient color contrast of 1.12 (foreground color: #170e26, background color: #000000, font size: 10.5pt (14px), font weight: normal). Expected contrast ratio of 4.5:1",
    +             "relatedNodes": Array [
    +               Object {
    +                 "html": "<header class=\"sticky top-0 z-50 w-full border-b border-border/40 bg-background/95 backdrop-blur supports-[backdrop-filter]:bg-background/60\">",
    +                 "target": Array [
    +                   "header",
    +                 ],
    +               },
    +               Object {
    +                 "html": "<main class=\"min-h-screen bg-background\">",
    +                 "target": Array [
    +                   ".min-h-screen",
    +                 ],
    +               },
    +             ],
    +           },
    +         ],
    +         "failureSummary": "Fix any of the following:
    +   Element has insufficient color contrast of 1.12 (foreground color: #170e26, background color: #000000, font size: 10.5pt (14px), font weight: normal). Expected contrast ratio of 4.5:1",
    +         "html": "<a class=\"text-foreground/60 hover:text-foreground transition-colors\" href=\"/browse\">Browse Fragrances</a>",
    +         "impact": "serious",
    +         "none": Array [],
    +         "target": Array [
    +           ".text-foreground\\/60.transition-colors[href$=\"browse\"]",
    +         ],
    +       },
    +       Object {
    +         "all": Array [],
    +         "any": Array [
    +           Object {
    +             "data": Object {
    +               "bgColor": "#000000",
    +               "contrastRatio": 1.12,
    +               "expectedContrastRatio": "4.5:1",
    +               "fgColor": "#170e26",
    +               "fontSize": "10.5pt (14px)",
    +               "fontWeight": "normal",
    +               "messageKey": null,
    +             },
    +             "id": "color-contrast",
    +             "impact": "serious",
    +             "message": "Element has insufficient color contrast of 1.12 (foreground color: #170e26, background color: #000000, font size: 10.5pt (14px), font weight: normal). Expected contrast ratio of 4.5:1",
    +             "relatedNodes": Array [
    +               Object {
    +                 "html": "<header class=\"sticky top-0 z-50 w-full border-b border-border/40 bg-background/95 backdrop-blur supports-[backdrop-filter]:bg-background/60\">",
    +                 "target": Array [
    +                   "header",
    +                 ],
    +               },
    +               Object {
    +                 "html": "<main class=\"min-h-screen bg-background\">",
    +                 "target": Array [
    +                   ".min-h-screen",
    +                 ],
    +               },
    +             ],
    +           },
    +         ],
    +         "failureSummary": "Fix any of the following:
    +   Element has insufficient color contrast of 1.12 (foreground color: #170e26, background color: #000000, font size: 10.5pt (14px), font weight: normal). Expected contrast ratio of 4.5:1",
    +         "html": "<a class=\"text-foreground/60 hover:text-foreground transition-colors\" href=\"/quiz\">Take Quiz</a>",
    +         "impact": "serious",
    +         "none": Array [],
    +         "target": Array [
    +           ".text-foreground\\/60.transition-colors[href$=\"quiz\"]",
    +         ],
    +       },
    +       Object {
    +         "all": Array [],
    +         "any": Array [
    +           Object {
    +             "data": Object {
    +               "bgColor": "#000000",
    +               "contrastRatio": 1.12,
    +               "expectedContrastRatio": "4.5:1",
    +               "fgColor": "#170e26",
    +               "fontSize": "10.5pt (14px)",
    +               "fontWeight": "normal",
    +               "messageKey": null,
    +             },
    +             "id": "color-contrast",
    +             "impact": "serious",
    +             "message": "Element has insufficient color contrast of 1.12 (foreground color: #170e26, background color: #000000, font size: 10.5pt (14px), font weight: normal). Expected contrast ratio of 4.5:1",
    +             "relatedNodes": Array [
    +               Object {
    +                 "html": "<header class=\"sticky top-0 z-50 w-full border-b border-border/40 bg-background/95 backdrop-blur supports-[backdrop-filter]:bg-background/60\">",
    +                 "target": Array [
    +                   "header",
    +                 ],
    +               },
    +               Object {
    +                 "html": "<main class=\"min-h-screen bg-background\">",
    +                 "target": Array [
    +                   ".min-h-screen",
    +                 ],
    +               },
    +             ],
    +           },
    +         ],
    +         "failureSummary": "Fix any of the following:
    +   Element has insufficient color contrast of 1.12 (foreground color: #170e26, background color: #000000, font size: 10.5pt (14px), font weight: normal). Expected contrast ratio of 4.5:1",
    +         "html": "<a class=\"text-foreground/60 hover:text-foreground transition-colors\" href=\"/recommendations\">Recommendations</a>",
    +         "impact": "serious",
    +         "none": Array [],
    +         "target": Array [
    +           ".text-foreground\\/60.transition-colors[href$=\"recommendations\"]",
    +         ],
    +       },
    +       Object {
    +         "all": Array [],
    +         "any": Array [
    +           Object {
    +             "data": Object {
    +               "bgColor": "#000000",
    +               "contrastRatio": 1.27,
    +               "expectedContrastRatio": "4.5:1",
    +               "fgColor": "#261740",
    +               "fontSize": "10.5pt (14px)",
    +               "fontWeight": "normal",
    +               "messageKey": null,
    +             },
    +             "id": "color-contrast",
    +             "impact": "serious",
    +             "message": "Element has insufficient color contrast of 1.27 (foreground color: #261740, background color: #000000, font size: 10.5pt (14px), font weight: normal). Expected contrast ratio of 4.5:1",
    +             "relatedNodes": Array [
    +               Object {
    +                 "html": "<header class=\"sticky top-0 z-50 w-full border-b border-border/40 bg-background/95 backdrop-blur supports-[backdrop-filter]:bg-background/60\">",
    +                 "target": Array [
    +                   "header",
    +                 ],
    +               },
    +               Object {
    +                 "html": "<main class=\"min-h-screen bg-background\">",
    +                 "target": Array [
    +                   ".min-h-screen",
    +                 ],
    +               },
    +             ],
    +           },
    +         ],
    +         "failureSummary": "Fix any of the following:
    +   Element has insufficient color contrast of 1.27 (foreground color: #261740, background color: #000000, font size: 10.5pt (14px), font weight: normal). Expected contrast ratio of 4.5:1",
    +         "html": "<a class=\"items-center justify-center whitespace-nowrap rounded-lg text-sm font-medium transition-all duration-200 focus-visible:outline-none focus-visible:ring-2 focus-visible:ring-ring focus-visible:ring-offset-2 disabled:pointer-events-none disabled:opacity-50 active:scale-[0.98] hover:bg-accent hover:text-accent-foreground h-10 px-4 py-2 hidden sm:inline-flex\" href=\"/auth/login\">",
    +         "impact": "serious",
    +         "none": Array [],
    +         "target": Array [
    +           ".px-4",
    +         ],
    +       },
    +       Object {
    +         "all": Array [],
    +         "any": Array [
    +           Object {
    +             "data": Object {
    +               "bgColor": "#000000",
    +               "contrastRatio": 3.99,
    +               "expectedContrastRatio": "4.5:1",
    +               "fgColor": "#795fa5",
    +               "fontSize": "13.5pt (18px)",
    +               "fontWeight": "normal",
    +               "messageKey": null,
    +             },
    +             "id": "color-contrast",
    +             "impact": "serious",
    +             "message": "Element has insufficient color contrast of 3.99 (foreground color: #795fa5, background color: #000000, font size: 13.5pt (18px), font weight: normal). Expected contrast ratio of 4.5:1",
    +             "relatedNodes": Array [
    +               Object {
    +                 "html": "<main class=\"min-h-screen bg-background\">",
    +                 "target": Array [
    +                   ".min-h-screen",
    +                 ],
    +               },
    +             ],
    +           },
    +         ],
    +         "failureSummary": "Fix any of the following:
    +   Element has insufficient color contrast of 3.99 (foreground color: #795fa5, background color: #000000, font size: 13.5pt (18px), font weight: normal). Expected contrast ratio of 4.5:1",
    +         "html": "<div class=\"editorial-body max-w-2xl lg:max-w-lg mx-auto lg:mx-0\">Stop the guesswork. Our AI understands your fragrance personality to recommend scents you'll genuinely love—discoverable through affordable samples, not expensive mistakes.</div>",
    +         "impact": "serious",
    +         "none": Array [],
    +         "target": Array [
    +           ".max-w-2xl",
    +         ],
    +       },
    +       Object {
    +         "all": Array [],
    +         "any": Array [
    +           Object {
    +             "data": Object {
    +               "bgColor": "#000000",
    +               "contrastRatio": 1.27,
    +               "expectedContrastRatio": "4.5:1",
    +               "fgColor": "#261740",
    +               "fontSize": "12.0pt (16px)",
    +               "fontWeight": "normal",
    +               "messageKey": null,
    +             },
    +             "id": "color-contrast",
    +             "impact": "serious",
    +             "message": "Element has insufficient color contrast of 1.27 (foreground color: #261740, background color: #000000, font size: 12.0pt (16px), font weight: normal). Expected contrast ratio of 4.5:1",
    +             "relatedNodes": Array [
    +               Object {
    +                 "html": "<a data-analytics=\"hero-cta-browse\" class=\"inline-flex items-center justify-center whitespace-nowrap font-medium transition-all duration-200 focus-visible:outline-none focus-visible:ring-2 focus-visible:ring-ring focus-visible:ring-offset-2 disabled:pointer-events-none disabled:opacity-50 active:scale-[0.98] border-input bg-background shadow-sm hover:text-accent-foreground hover:shadow-soft rounded-lg text-base h-14 px-8 border-2 hover:bg-accent/5\" href=\"/browse\">",
    +                 "target": Array [
    +                   ".h-14",
    +                 ],
    +               },
    +             ],
    +           },
    +         ],
    +         "failureSummary": "Fix any of the following:
    +   Element has insufficient color contrast of 1.27 (foreground color: #261740, background color: #000000, font size: 12.0pt (16px), font weight: normal). Expected contrast ratio of 4.5:1",
    +         "html": "<a data-analytics=\"hero-cta-browse\" class=\"inline-flex items-center justify-center whitespace-nowrap font-medium transition-all duration-200 focus-visible:outline-none focus-visible:ring-2 focus-visible:ring-ring focus-visible:ring-offset-2 disabled:pointer-events-none disabled:opacity-50 active:scale-[0.98] border-input bg-background shadow-sm hover:text-accent-foreground hover:shadow-soft rounded-lg text-base h-14 px-8 border-2 hover:bg-accent/5\" href=\"/browse\">",
    +         "impact": "serious",
    +         "none": Array [],
    +         "target": Array [
    +           ".h-14",
    +         ],
    +       },
    +       Object {
    +         "all": Array [],
    +         "any": Array [
    +           Object {
    +             "data": Object {
    +               "bgColor": "#000000",
    +               "contrastRatio": 1.27,
    +               "expectedContrastRatio": "4.5:1",
    +               "fgColor": "#261740",
    +               "fontSize": "10.5pt (14px)",
    +               "fontWeight": "normal",
    +               "messageKey": null,
    +             },
    +             "id": "color-contrast",
    +             "impact": "serious",
    +             "message": "Element has insufficient color contrast of 1.27 (foreground color: #261740, background color: #000000, font size: 10.5pt (14px), font weight: normal). Expected contrast ratio of 4.5:1",
    +             "relatedNodes": Array [
    +               Object {
    +                 "html": "<main class=\"min-h-screen bg-background\">",
    +                 "target": Array [
    +                   ".min-h-screen",
    +                 ],
    +               },
    +             ],
    +           },
    +         ],
    +         "failureSummary": "Fix any of the following:
    +   Element has insufficient color contrast of 1.27 (foreground color: #261740, background color: #000000, font size: 10.5pt (14px), font weight: normal). Expected contrast ratio of 4.5:1",
    +         "html": "<div class=\"font-semibold\">10,000+ users</div>",
    +         "impact": "serious",
    +         "none": Array [],
    +         "target": Array [
    +           ".text-sm > .font-semibold",
    +         ],
    +       },
    +       Object {
    +         "all": Array [],
    +         "any": Array [
    +           Object {
    +             "data": Object {
    +               "bgColor": "#000000",
    +               "contrastRatio": 3.99,
    +               "expectedContrastRatio": "4.5:1",
    +               "fgColor": "#795fa5",
    +               "fontSize": "9.0pt (12px)",
    +               "fontWeight": "normal",
    +               "messageKey": null,
    +             },
    +             "id": "color-contrast",
    +             "impact": "serious",
    +             "message": "Element has insufficient color contrast of 3.99 (foreground color: #795fa5, background color: #000000, font size: 9.0pt (12px), font weight: normal). Expected contrast ratio of 4.5:1",
    +             "relatedNodes": Array [
    +               Object {
    +                 "html": "<main class=\"min-h-screen bg-background\">",
    +                 "target": Array [
    +                   ".min-h-screen",
    +                 ],
    +               },
    +             ],
    +           },
    +         ],
    +         "failureSummary": "Fix any of the following:
    +   Element has insufficient color contrast of 3.99 (foreground color: #795fa5, background color: #000000, font size: 9.0pt (12px), font weight: normal). Expected contrast ratio of 4.5:1",
    +         "html": "<div class=\"text-muted-foreground text-xs\">found their signature scent</div>",
    +         "impact": "serious",
    +         "none": Array [],
    +         "target": Array [
    +           ".text-sm > .text-xs.text-muted-foreground",
    +         ],
    +       },
    +       Object {
    +         "all": Array [],
    +         "any": Array [
    +           Object {
    +             "data": Object {
    +               "bgColor": "#000000",
    +               "contrastRatio": 1.27,
    +               "expectedContrastRatio": "4.5:1",
    +               "fgColor": "#261740",
    +               "fontSize": "10.5pt (14px)",
    +               "fontWeight": "normal",
    +               "messageKey": null,
    +             },
    +             "id": "color-contrast",
    +             "impact": "serious",
    +             "message": "Element has insufficient color contrast of 1.27 (foreground color: #261740, background color: #000000, font size: 10.5pt (14px), font weight: normal). Expected contrast ratio of 4.5:1",
    +             "relatedNodes": Array [
    +               Object {
    +                 "html": "<main class=\"min-h-screen bg-background\">",
    +                 "target": Array [
    +                   ".min-h-screen",
    +                 ],
    +               },
    +             ],
    +           },
    +         ],
    +         "failureSummary": "Fix any of the following:
    +   Element has insufficient color contrast of 1.27 (foreground color: #261740, background color: #000000, font size: 10.5pt (14px), font weight: normal). Expected contrast ratio of 4.5:1",
    +         "html": "<span class=\"text-sm font-medium\">4.9/5 rating</span>",
    +         "impact": "serious",
    +         "none": Array [],
    +         "target": Array [
    +           ".space-x-2.flex.items-center > .text-sm",
    +         ],
    +       },
    +       Object {
    +         "all": Array [],
    +         "any": Array [
    +           Object {
    +             "data": Object {
    +               "bgColor": "#000000",
    +               "contrastRatio": 1.27,
    +               "expectedContrastRatio": "3:1",
    +               "fgColor": "#261740",
    +               "fontSize": "36.0pt (48px)",
    +               "fontWeight": "bold",
    +               "messageKey": null,
    +             },
    +             "id": "color-contrast",
    +             "impact": "serious",
    +             "message": "Element has insufficient color contrast of 1.27 (foreground color: #261740, background color: #000000, font size: 36.0pt (48px), font weight: bold). Expected contrast ratio of 3:1",
    +             "relatedNodes": Array [
    +               Object {
    +                 "html": "<main class=\"min-h-screen bg-background\">",
    +                 "target": Array [
    +                   ".min-h-screen",
    +                 ],
    +               },
    +             ],
    +           },
    +         ],
    +         "failureSummary": "Fix any of the following:
    +   Element has insufficient color contrast of 1.27 (foreground color: #261740, background color: #000000, font size: 36.0pt (48px), font weight: bold). Expected contrast ratio of 3:1",
    +         "html": "<h2 class=\"section-title-2025 max-w-4xl mx-auto\">Why fragrance lovers choose ScentMatch</h2>",
    +         "impact": "serious",
    +         "none": Array [],
    +         "target": Array [
    +           ".section-title-2025",
    +         ],
    +       },
    +       Object {
    +         "all": Array [],
    +         "any": Array [
    +           Object {
    +             "data": Object {
    +               "bgColor": "#000000",
    +               "contrastRatio": 3.99,
    +               "expectedContrastRatio": "4.5:1",
    +               "fgColor": "#795fa5",
    +               "fontSize": "13.5pt (18px)",
    +               "fontWeight": "normal",
    +               "messageKey": null,
    +             },
    +             "id": "color-contrast",
    +             "impact": "serious",
    +             "message": "Element has insufficient color contrast of 3.99 (foreground color: #795fa5, background color: #000000, font size: 13.5pt (18px), font weight: normal). Expected contrast ratio of 4.5:1",
    +             "relatedNodes": Array [
    +               Object {
    +                 "html": "<main class=\"min-h-screen bg-background\">",
    +                 "target": Array [
    +                   ".min-h-screen",
    +                 ],
    +               },
    +             ],
    +           },
    +         ],
    +         "failureSummary": "Fix any of the following:
    +   Element has insufficient color contrast of 3.99 (foreground color: #795fa5, background color: #000000, font size: 13.5pt (18px), font weight: normal). Expected contrast ratio of 4.5:1",
    +         "html": "<p class=\"editorial-body max-w-3xl mx-auto\">We're revolutionizing scent discovery through AI-powered personalization, affordable sampling, and community-driven insights.</p>",
    +         "impact": "serious",
    +         "none": Array [],
    +         "target": Array [
    +           ".editorial-body.max-w-3xl.mx-auto",
    +         ],
    +       },
    +       Object {
    +         "all": Array [],
    +         "any": Array [
    +           Object {
    +             "data": Object {
    +               "bgColor": "#000000",
    +               "contrastRatio": 1.27,
    +               "expectedContrastRatio": "3:1",
    +               "fgColor": "#261740",
    +               "fontSize": "18.0pt (24px)",
    +               "fontWeight": "bold",
    +               "messageKey": null,
    +             },
    +             "id": "color-contrast",
    +             "impact": "serious",
    +             "message": "Element has insufficient color contrast of 1.27 (foreground color: #261740, background color: #000000, font size: 18.0pt (24px), font weight: bold). Expected contrast ratio of 3:1",
    +             "relatedNodes": Array [
    +               Object {
    +                 "html": "<div class=\"bento-item interactive-2025 p-8 md:col-span-2 lg:col-span-2\">",
    +                 "target": Array [
    +                   ".md\\:col-span-2",
    +                 ],
    +               },
    +               Object {
    +                 "html": "<main class=\"min-h-screen bg-background\">",
    +                 "target": Array [
    +                   ".min-h-screen",
    +                 ],
    +               },
    +             ],
    +           },
    +         ],
    +         "failureSummary": "Fix any of the following:
    +   Element has insufficient color contrast of 1.27 (foreground color: #261740, background color: #000000, font size: 18.0pt (24px), font weight: bold). Expected contrast ratio of 3:1",
    +         "html": "<h3 class=\"text-2xl font-bold\">AI-Powered Personalization</h3>",
    +         "impact": "serious",
    +         "none": Array [],
    +         "target": Array [
    +           ".flex-1 > h3",
    +         ],
    +       },
    +       Object {
    +         "all": Array [],
    +         "any": Array [
    +           Object {
    +             "data": Object {
    +               "bgColor": "#000000",
    +               "contrastRatio": 3.99,
    +               "expectedContrastRatio": "4.5:1",
    +               "fgColor": "#795fa5",
    +               "fontSize": "12.0pt (16px)",
    +               "fontWeight": "normal",
    +               "messageKey": null,
    +             },
    +             "id": "color-contrast",
    +             "impact": "serious",
    +             "message": "Element has insufficient color contrast of 3.99 (foreground color: #795fa5, background color: #000000, font size: 12.0pt (16px), font weight: normal). Expected contrast ratio of 4.5:1",
    +             "relatedNodes": Array [
    +               Object {
    +                 "html": "<div class=\"bento-item interactive-2025 p-8 md:col-span-2 lg:col-span-2\">",
    +                 "target": Array [
    +                   ".md\\:col-span-2",
    +                 ],
    +               },
    +               Object {
    +                 "html": "<main class=\"min-h-screen bg-background\">",
    +                 "target": Array [
    +                   ".min-h-screen",
    +                 ],
    +               },
    +             ],
    +           },
    +         ],
    +         "failureSummary": "Fix any of the following:
    +   Element has insufficient color contrast of 3.99 (foreground color: #795fa5, background color: #000000, font size: 12.0pt (16px), font weight: normal). Expected contrast ratio of 4.5:1",
    +         "html": "<p class=\"text-muted-foreground leading-relaxed\">Unlike generic recommendations, our AI understands your unique fragrance personality to suggest scents you'll genuinely love.</p>",
    +         "impact": "serious",
    +         "none": Array [],
    +         "target": Array [
    +           ".leading-relaxed",
    +         ],
    +       },
    +       Object {
    +         "all": Array [],
    +         "any": Array [
    +           Object {
    +             "data": Object {
    +               "bgColor": "#000000",
    +               "contrastRatio": 1.27,
    +               "expectedContrastRatio": "4.5:1",
    +               "fgColor": "#261740",
    +               "fontSize": "10.5pt (14px)",
    +               "fontWeight": "normal",
    +               "messageKey": null,
    +             },
    +             "id": "color-contrast",
    +             "impact": "serious",
    +             "message": "Element has insufficient color contrast of 1.27 (foreground color: #261740, background color: #000000, font size: 10.5pt (14px), font weight: normal). Expected contrast ratio of 4.5:1",
    +             "relatedNodes": Array [
    +               Object {
    +                 "html": "<div class=\"bento-item interactive-2025 p-8 md:col-span-2 lg:col-span-2\">",
    +                 "target": Array [
    +                   ".md\\:col-span-2",
    +                 ],
    +               },
    +               Object {
    +                 "html": "<main class=\"min-h-screen bg-background\">",
    +                 "target": Array [
    +                   ".min-h-screen",
    +                 ],
    +               },
    +             ],
    +           },
    +         ],
    +         "failureSummary": "Fix any of the following:
    +   Element has insufficient color contrast of 1.27 (foreground color: #261740, background color: #000000, font size: 10.5pt (14px), font weight: normal). Expected contrast ratio of 4.5:1",
    +         "html": "<span class=\"text-sm\">Analyzes your scent preferences</span>",
    +         "impact": "serious",
    +         "none": Array [],
    +         "target": Array [
    +           ".mt-6 > .space-x-3.flex.items-center:nth-child(1) > .text-sm",
    +         ],
    +       },
    +       Object {
    +         "all": Array [],
    +         "any": Array [
    +           Object {
    +             "data": Object {
    +               "bgColor": "#000000",
    +               "contrastRatio": 1.27,
    +               "expectedContrastRatio": "4.5:1",
    +               "fgColor": "#261740",
    +               "fontSize": "10.5pt (14px)",
    +               "fontWeight": "normal",
    +               "messageKey": null,
    +             },
    +             "id": "color-contrast",
    +             "impact": "serious",
    +             "message": "Element has insufficient color contrast of 1.27 (foreground color: #261740, background color: #000000, font size: 10.5pt (14px), font weight: normal). Expected contrast ratio of 4.5:1",
    +             "relatedNodes": Array [
    +               Object {
    +                 "html": "<div class=\"bento-item interactive-2025 p-8 md:col-span-2 lg:col-span-2\">",
    +                 "target": Array [
    +                   ".md\\:col-span-2",
    +                 ],
    +               },
    +               Object {
    +                 "html": "<main class=\"min-h-screen bg-background\">",
    +                 "target": Array [
    +                   ".min-h-screen",
    +                 ],
    +               },
    +             ],
    +           },
    +         ],
    +         "failureSummary": "Fix any of the following:
    +   Element has insufficient color contrast of 1.27 (foreground color: #261740, background color: #000000, font size: 10.5pt (14px), font weight: normal). Expected contrast ratio of 4.5:1",
    +         "html": "<span class=\"text-sm\">Learns from your feedback</span>",
    +         "impact": "serious",
    +         "none": Array [],
    +         "target": Array [
    +           ".space-x-3.flex.items-center:nth-child(2) > .text-sm",
    +         ],
    +       },
    +       Object {
    +         "all": Array [],
    +         "any": Array [
    +           Object {
    +             "data": Object {
    +               "bgColor": "#000000",
    +               "contrastRatio": 1.27,
    +               "expectedContrastRatio": "4.5:1",
    +               "fgColor": "#261740",
    +               "fontSize": "10.5pt (14px)",
    +               "fontWeight": "normal",
    +               "messageKey": null,
    +             },
    +             "id": "color-contrast",
    +             "impact": "serious",
    +             "message": "Element has insufficient color contrast of 1.27 (foreground color: #261740, background color: #000000, font size: 10.5pt (14px), font weight: normal). Expected contrast ratio of 4.5:1",
    +             "relatedNodes": Array [
    +               Object {
    +                 "html": "<div class=\"bento-item interactive-2025 p-8 md:col-span-2 lg:col-span-2\">",
    +                 "target": Array [
    +                   ".md\\:col-span-2",
    +                 ],
    +               },
    +               Object {
    +                 "html": "<main class=\"min-h-screen bg-background\">",
    +                 "target": Array [
    +                   ".min-h-screen",
    +                 ],
    +               },
    +             ],
    +           },
    +         ],
    +         "failureSummary": "Fix any of the following:
    +   Element has insufficient color contrast of 1.27 (foreground color: #261740, background color: #000000, font size: 10.5pt (14px), font weight: normal). Expected contrast ratio of 4.5:1",
    +         "html": "<span class=\"text-sm\">Explains each recommendation</span>",
    +         "impact": "serious",
    +         "none": Array [],
    +         "target": Array [
    +           ".space-x-3.flex.items-center:nth-child(3) > .text-sm",
    +         ],
    +       },
    +       Object {
    +         "all": Array [],
    +         "any": Array [
    +           Object {
    +             "data": Object {
    +               "bgColor": "#000000",
    +               "contrastRatio": 1.27,
    +               "expectedContrastRatio": "4.5:1",
    +               "fgColor": "#261740",
    +               "fontSize": "10.5pt (14px)",
    +               "fontWeight": "normal",
    +               "messageKey": null,
    +             },
    +             "id": "color-contrast",
    +             "impact": "serious",
    +             "message": "Element has insufficient color contrast of 1.27 (foreground color: #261740, background color: #000000, font size: 10.5pt (14px), font weight: normal). Expected contrast ratio of 4.5:1",
    +             "relatedNodes": Array [
    +               Object {
    +                 "html": "<div class=\"bento-item interactive-2025 p-8 md:col-span-2 lg:col-span-2\">",
    +                 "target": Array [
    +                   ".md\\:col-span-2",
    +                 ],
    +               },
    +               Object {
    +                 "html": "<main class=\"min-h-screen bg-background\">",
    +                 "target": Array [
    +                   ".min-h-screen",
    +                 ],
    +               },
    +             ],
    +           },
    +         ],
    +         "failureSummary": "Fix any of the following:
    +   Element has insufficient color contrast of 1.27 (foreground color: #261740, background color: #000000, font size: 10.5pt (14px), font weight: normal). Expected contrast ratio of 4.5:1",
    +         "html": "<span class=\"text-sm\">Improves over time</span>",
    +         "impact": "serious",
    +         "none": Array [],
    +         "target": Array [
    +           ".space-x-3.flex.items-center:nth-child(4) > .text-sm",
    +         ],
    +       },
    +       Object {
    +         "all": Array [],
    +         "any": Array [
    +           Object {
    +             "data": Object {
    +               "bgColor": "#000000",
    +               "contrastRatio": 1.27,
    +               "expectedContrastRatio": "3:1",
    +               "fgColor": "#261740",
    +               "fontSize": "15.0pt (20px)",
    +               "fontWeight": "bold",
    +               "messageKey": null,
    +             },
    +             "id": "color-contrast",
    +             "impact": "serious",
    +             "message": "Element has insufficient color contrast of 1.27 (foreground color: #261740, background color: #000000, font size: 15.0pt (20px), font weight: bold). Expected contrast ratio of 3:1",
    +             "relatedNodes": Array [
    +               Object {
    +                 "html": "<div class=\"bento-item interactive-2025 p-6 text-center\">",
    +                 "target": Array [
    +                   ".interactive-2025.bento-item.p-6:nth-child(2)",
    +                 ],
    +               },
    +               Object {
    +                 "html": "<main class=\"min-h-screen bg-background\">",
    +                 "target": Array [
    +                   ".min-h-screen",
    +                 ],
    +               },
    +             ],
    +           },
    +         ],
    +         "failureSummary": "Fix any of the following:
    +   Element has insufficient color contrast of 1.27 (foreground color: #261740, background color: #000000, font size: 15.0pt (20px), font weight: bold). Expected contrast ratio of 3:1",
    +         "html": "<h3 class=\"text-xl font-bold mb-3\">Sample-First</h3>",
    +         "impact": "serious",
    +         "none": Array [],
    +         "target": Array [
    +           ".interactive-2025.bento-item.p-6:nth-child(2) > .mb-3",
    +         ],
    +       },
    +       Object {
    +         "all": Array [],
    +         "any": Array [
    +           Object {
    +             "data": Object {
    +               "bgColor": "#000000",
    +               "contrastRatio": 3.99,
    +               "expectedContrastRatio": "4.5:1",
    +               "fgColor": "#795fa5",
    +               "fontSize": "10.5pt (14px)",
    +               "fontWeight": "normal",
    +               "messageKey": null,
    +             },
    +             "id": "color-contrast",
    +             "impact": "serious",
    +             "message": "Element has insufficient color contrast of 3.99 (foreground color: #795fa5, background color: #000000, font size: 10.5pt (14px), font weight: normal). Expected contrast ratio of 4.5:1",
    +             "relatedNodes": Array [
    +               Object {
    +                 "html": "<div class=\"bento-item interactive-2025 p-6 text-center\">",
    +                 "target": Array [
    +                   ".interactive-2025.bento-item.p-6:nth-child(2)",
    +                 ],
    +               },
    +               Object {
    +                 "html": "<main class=\"min-h-screen bg-background\">",
    +                 "target": Array [
    +                   ".min-h-screen",
    +                 ],
    +               },
    +             ],
    +           },
    +         ],
    +         "failureSummary": "Fix any of the following:
    +   Element has insufficient color contrast of 3.99 (foreground color: #795fa5, background color: #000000, font size: 10.5pt (14px), font weight: normal). Expected contrast ratio of 4.5:1",
    +         "html": "<p class=\"text-sm text-muted-foreground mb-4\">Try affordable samples before committing to full bottles</p>",
    +         "impact": "serious",
    +         "none": Array [],
    +         "target": Array [
    +           ".interactive-2025.bento-item.p-6:nth-child(2) > .mb-4.text-sm",
    +         ],
    +       },
    +       Object {
    +         "all": Array [],
    +         "any": Array [
    +           Object {
    +             "data": Object {
    +               "bgColor": "#000000",
    +               "contrastRatio": 3.99,
    +               "expectedContrastRatio": "4.5:1",
    +               "fgColor": "#795fa5",
    +               "fontSize": "9.0pt (12px)",
    +               "fontWeight": "normal",
    +               "messageKey": null,
    +             },
    +             "id": "color-contrast",
    +             "impact": "serious",
    +             "message": "Element has insufficient color contrast of 3.99 (foreground color: #795fa5, background color: #000000, font size: 9.0pt (12px), font weight: normal). Expected contrast ratio of 4.5:1",
    +             "relatedNodes": Array [
    +               Object {
    +                 "html": "<div class=\"bento-item interactive-2025 p-6 text-center\">",
    +                 "target": Array [
    +                   ".interactive-2025.bento-item.p-6:nth-child(2)",
    +                 ],
    +               },
    +               Object {
    +                 "html": "<main class=\"min-h-screen bg-background\">",
    +                 "target": Array [
    +                   ".min-h-screen",
    +                 ],
    +               },
    +             ],
    +           },
    +         ],
    +         "failureSummary": "Fix any of the following:
    +   Element has insufficient color contrast of 3.99 (foreground color: #795fa5, background color: #000000, font size: 9.0pt (12px), font weight: normal). Expected contrast ratio of 4.5:1",
    +         "html": "<div class=\"text-xs text-muted-foreground\">$3-15 samples vs $50-200 bottles</div>",
    +         "impact": "serious",
    +         "none": Array [],
    +         "target": Array [
    +           ".interactive-2025.bento-item.p-6:nth-child(2) > .text-left.space-y-2 > .text-xs.text-muted-foreground:nth-child(1)",
    +         ],
    +       },
    +       Object {
    +         "all": Array [],
    +         "any": Array [
    +           Object {
    +             "data": Object {
    +               "bgColor": "#000000",
    +               "contrastRatio": 3.99,
    +               "expectedContrastRatio": "4.5:1",
    +               "fgColor": "#795fa5",
    +               "fontSize": "9.0pt (12px)",
    +               "fontWeight": "normal",
    +               "messageKey": null,
    +             },
    +             "id": "color-contrast",
    +             "impact": "serious",
    +             "message": "Element has insufficient color contrast of 3.99 (foreground color: #795fa5, background color: #000000, font size: 9.0pt (12px), font weight: normal). Expected contrast ratio of 4.5:1",
    +             "relatedNodes": Array [
    +               Object {
    +                 "html": "<div class=\"bento-item interactive-2025 p-6 text-center\">",
    +                 "target": Array [
    +                   ".interactive-2025.bento-item.p-6:nth-child(2)",
    +                 ],
    +               },
    +               Object {
    +                 "html": "<main class=\"min-h-screen bg-background\">",
    +                 "target": Array [
    +                   ".min-h-screen",
    +                 ],
    +               },
    +             ],
    +           },
    +         ],
    +         "failureSummary": "Fix any of the following:
    +   Element has insufficient color contrast of 3.99 (foreground color: #795fa5, background color: #000000, font size: 9.0pt (12px), font weight: normal). Expected contrast ratio of 4.5:1",
    +         "html": "<div class=\"text-xs text-muted-foreground\">Risk-free exploration</div>",
    +         "impact": "serious",
    +         "none": Array [],
    +         "target": Array [
    +           ".interactive-2025.bento-item.p-6:nth-child(2) > .text-left.space-y-2 > .text-xs.text-muted-foreground:nth-child(2)",
    +         ],
    +       },
    +       Object {
    +         "all": Array [],
    +         "any": Array [
    +           Object {
    +             "data": Object {
    +               "bgColor": "#000000",
    +               "contrastRatio": 1.27,
    +               "expectedContrastRatio": "3:1",
    +               "fgColor": "#261740",
    +               "fontSize": "15.0pt (20px)",
    +               "fontWeight": "bold",
    +               "messageKey": null,
    +             },
    +             "id": "color-contrast",
    +             "impact": "serious",
    +             "message": "Element has insufficient color contrast of 1.27 (foreground color: #261740, background color: #000000, font size: 15.0pt (20px), font weight: bold). Expected contrast ratio of 3:1",
    +             "relatedNodes": Array [
    +               Object {
    +                 "html": "<div class=\"bento-item interactive-2025 p-6 text-center\">",
    +                 "target": Array [
    +                   ".interactive-2025.bento-item.p-6:nth-child(3)",
    +                 ],
    +               },
    +               Object {
    +                 "html": "<main class=\"min-h-screen bg-background\">",
    +                 "target": Array [
    +                   ".min-h-screen",
    +                 ],
    +               },
    +             ],
    +           },
    +         ],
    +         "failureSummary": "Fix any of the following:
    +   Element has insufficient color contrast of 1.27 (foreground color: #261740, background color: #000000, font size: 15.0pt (20px), font weight: bold). Expected contrast ratio of 3:1",
    +         "html": "<h3 class=\"text-xl font-bold mb-3\">Community Driven</h3>",
    +         "impact": "serious",
    +         "none": Array [],
    +         "target": Array [
    +           ".interactive-2025.bento-item.p-6:nth-child(3) > .mb-3",
    +         ],
    +       },
    +       Object {
    +         "all": Array [],
    +         "any": Array [
    +           Object {
    +             "data": Object {
    +               "bgColor": "#000000",
    +               "contrastRatio": 3.99,
    +               "expectedContrastRatio": "4.5:1",
    +               "fgColor": "#795fa5",
    +               "fontSize": "10.5pt (14px)",
    +               "fontWeight": "normal",
    +               "messageKey": null,
    +             },
    +             "id": "color-contrast",
    +             "impact": "serious",
    +             "message": "Element has insufficient color contrast of 3.99 (foreground color: #795fa5, background color: #000000, font size: 10.5pt (14px), font weight: normal). Expected contrast ratio of 4.5:1",
    +             "relatedNodes": Array [
    +               Object {
    +                 "html": "<div class=\"bento-item interactive-2025 p-6 text-center\">",
    +                 "target": Array [
    +                   ".interactive-2025.bento-item.p-6:nth-child(3)",
    +                 ],
    +               },
    +               Object {
    +                 "html": "<main class=\"min-h-screen bg-background\">",
    +                 "target": Array [
    +                   ".min-h-screen",
    +                 ],
    +               },
    +             ],
    +           },
    +         ],
    +         "failureSummary": "Fix any of the following:
    +   Element has insufficient color contrast of 3.99 (foreground color: #795fa5, background color: #000000, font size: 10.5pt (14px), font weight: normal). Expected contrast ratio of 4.5:1",
    +         "html": "<p class=\"text-sm text-muted-foreground mb-4\">Real reviews from verified fragrance enthusiasts</p>",
    +         "impact": "serious",
    +         "none": Array [],
    +         "target": Array [
    +           ".interactive-2025.bento-item.p-6:nth-child(3) > .mb-4.text-sm",
    +         ],
    +       },
    +       Object {
    +         "all": Array [],
    +         "any": Array [
    +           Object {
    +             "data": Object {
    +               "bgColor": "#000000",
    +               "contrastRatio": 3.99,
    +               "expectedContrastRatio": "4.5:1",
    +               "fgColor": "#795fa5",
    +               "fontSize": "9.0pt (12px)",
    +               "fontWeight": "normal",
    +               "messageKey": null,
    +             },
    +             "id": "color-contrast",
    +             "impact": "serious",
    +             "message": "Element has insufficient color contrast of 3.99 (foreground color: #795fa5, background color: #000000, font size: 9.0pt (12px), font weight: normal). Expected contrast ratio of 4.5:1",
    +             "relatedNodes": Array [
    +               Object {
    +                 "html": "<div class=\"bento-item interactive-2025 p-6 text-center\">",
    +                 "target": Array [
    +                   ".interactive-2025.bento-item.p-6:nth-child(3)",
    +                 ],
    +               },
    +               Object {
    +                 "html": "<main class=\"min-h-screen bg-background\">",
    +                 "target": Array [
    +                   ".min-h-screen",
    +                 ],
    +               },
    +             ],
    +           },
    +         ],
    +         "failureSummary": "Fix any of the following:
    +   Element has insufficient color contrast of 3.99 (foreground color: #795fa5, background color: #000000, font size: 9.0pt (12px), font weight: normal). Expected contrast ratio of 4.5:1",
    +         "html": "<div class=\"text-xs text-muted-foreground\">Authentic user experiences</div>",
    +         "impact": "serious",
    +         "none": Array [],
    +         "target": Array [
    +           ".interactive-2025.bento-item.p-6:nth-child(3) > .text-left.space-y-2 > .text-xs.text-muted-foreground:nth-child(1)",
    +         ],
    +       },
    +       Object {
    +         "all": Array [],
    +         "any": Array [
    +           Object {
    +             "data": Object {
    +               "bgColor": "#000000",
    +               "contrastRatio": 3.99,
    +               "expectedContrastRatio": "4.5:1",
    +               "fgColor": "#795fa5",
    +               "fontSize": "9.0pt (12px)",
    +               "fontWeight": "normal",
    +               "messageKey": null,
    +             },
    +             "id": "color-contrast",
    +             "impact": "serious",
    +             "message": "Element has insufficient color contrast of 3.99 (foreground color: #795fa5, background color: #000000, font size: 9.0pt (12px), font weight: normal). Expected contrast ratio of 4.5:1",
    +             "relatedNodes": Array [
    +               Object {
    +                 "html": "<div class=\"bento-item interactive-2025 p-6 text-center\">",
    +                 "target": Array [
    +                   ".interactive-2025.bento-item.p-6:nth-child(3)",
    +                 ],
    +               },
    +               Object {
    +                 "html": "<main class=\"min-h-screen bg-background\">",
    +                 "target": Array [
    +                   ".min-h-screen",
    +                 ],
    +               },
    +             ],
    +           },
    +         ],
    +         "failureSummary": "Fix any of the following:
    +   Element has insufficient color contrast of 3.99 (foreground color: #795fa5, background color: #000000, font size: 9.0pt (12px), font weight: normal). Expected contrast ratio of 4.5:1",
    +         "html": "<div class=\"text-xs text-muted-foreground\">Expert curation</div>",
    +         "impact": "serious",
    +         "none": Array [],
    +         "target": Array [
    +           ".interactive-2025.bento-item.p-6:nth-child(3) > .text-left.space-y-2 > .text-xs.text-muted-foreground:nth-child(2)",
    +         ],
    +       },
    +       Object {
    +         "all": Array [],
    +         "any": Array [
    +           Object {
    +             "data": Object {
    +               "bgColor": "#000000",
    +               "contrastRatio": 1.27,
    +               "expectedContrastRatio": "4.5:1",
    +               "fgColor": "#261740",
    +               "fontSize": "13.5pt (18px)",
    +               "fontWeight": "bold",
    +               "messageKey": null,
    +             },
    +             "id": "color-contrast",
    +             "impact": "serious",
    +             "message": "Element has insufficient color contrast of 1.27 (foreground color: #261740, background color: #000000, font size: 13.5pt (18px), font weight: bold). Expected contrast ratio of 4.5:1",
    +             "relatedNodes": Array [
    +               Object {
    +                 "html": "<div class=\"bento-item p-6 bg-gradient-to-br from-primary/5 to-accent/5\">",
    +                 "target": Array [
    +                   ".from-primary\\/5",
    +                 ],
    +               },
    +               Object {
    +                 "html": "<main class=\"min-h-screen bg-background\">",
    +                 "target": Array [
    +                   ".min-h-screen",
    +                 ],
    +               },
    +             ],
    +           },
    +         ],
    +         "failureSummary": "Fix any of the following:
    +   Element has insufficient color contrast of 1.27 (foreground color: #261740, background color: #000000, font size: 13.5pt (18px), font weight: bold). Expected contrast ratio of 4.5:1",
    +         "html": "<h4 class=\"text-lg font-bold\">Trusted Results</h4>",
    +         "impact": "serious",
    +         "none": Array [],
    +         "target": Array [
    +           ".text-lg",
    +         ],
    +       },
    +       Object {
    +         "all": Array [],
    +         "any": Array [
    +           Object {
    +             "data": Object {
    +               "bgColor": "#000000",
    +               "contrastRatio": 1.27,
    +               "expectedContrastRatio": "3:1",
    +               "fgColor": "#261740",
    +               "fontSize": "18.0pt (24px)",
    +               "fontWeight": "bold",
    +               "messageKey": null,
    +             },
    +             "id": "color-contrast",
    +             "impact": "serious",
    +             "message": "Element has insufficient color contrast of 1.27 (foreground color: #261740, background color: #000000, font size: 18.0pt (24px), font weight: bold). Expected contrast ratio of 3:1",
    +             "relatedNodes": Array [
    +               Object {
    +                 "html": "<div class=\"bento-item p-6 bg-gradient-to-br from-primary/5 to-accent/5\">",
    +                 "target": Array [
    +                   ".from-primary\\/5",
    +                 ],
    +               },
    +               Object {
    +                 "html": "<main class=\"min-h-screen bg-background\">",
    +                 "target": Array [
    +                   ".min-h-screen",
    +                 ],
    +               },
    +             ],
    +           },
    +         ],
    +         "failureSummary": "Fix any of the following:
    +   Element has insufficient color contrast of 1.27 (foreground color: #261740, background color: #000000, font size: 18.0pt (24px), font weight: bold). Expected contrast ratio of 3:1",
    +         "html": "<div class=\"text-2xl font-bold text-primary\">97%</div>",
    +         "impact": "serious",
    +         "none": Array [],
    +         "target": Array [
    +           "div:nth-child(1) > .text-primary.text-2xl.font-bold",
    +         ],
    +       },
    +       Object {
    +         "all": Array [],
    +         "any": Array [
    +           Object {
    +             "data": Object {
    +               "bgColor": "#000000",
    +               "contrastRatio": 3.99,
    +               "expectedContrastRatio": "4.5:1",
    +               "fgColor": "#795fa5",
    +               "fontSize": "9.0pt (12px)",
    +               "fontWeight": "normal",
    +               "messageKey": null,
    +             },
    +             "id": "color-contrast",
    +             "impact": "serious",
    +             "message": "Element has insufficient color contrast of 3.99 (foreground color: #795fa5, background color: #000000, font size: 9.0pt (12px), font weight: normal). Expected contrast ratio of 4.5:1",
    +             "relatedNodes": Array [
    +               Object {
    +                 "html": "<div class=\"bento-item p-6 bg-gradient-to-br from-primary/5 to-accent/5\">",
    +                 "target": Array [
    +                   ".from-primary\\/5",
    +                 ],
    +               },
    +               Object {
    +                 "html": "<main class=\"min-h-screen bg-background\">",
    +                 "target": Array [
    +                   ".min-h-screen",
    +                 ],
    +               },
    +             ],
    +           },
    +         ],
    +         "failureSummary": "Fix any of the following:
    +   Element has insufficient color contrast of 3.99 (foreground color: #795fa5, background color: #000000, font size: 9.0pt (12px), font weight: normal). Expected contrast ratio of 4.5:1",
    +         "html": "<div class=\"text-xs text-muted-foreground\">Match Accuracy</div>",
    +         "impact": "serious",
    +         "none": Array [],
    +         "target": Array [
    +           ".grid-cols-2.gap-4.grid > div:nth-child(1) > .text-xs.text-muted-foreground",
    +         ],
    +       },
    +       Object {
    +         "all": Array [],
    +         "any": Array [
    +           Object {
    +             "data": Object {
    +               "bgColor": "#000000",
    +               "contrastRatio": 3.99,
    +               "expectedContrastRatio": "4.5:1",
    +               "fgColor": "#795fa5",
    +               "fontSize": "9.0pt (12px)",
    +               "fontWeight": "normal",
    +               "messageKey": null,
    +             },
    +             "id": "color-contrast",
    +             "impact": "serious",
    +             "message": "Element has insufficient color contrast of 3.99 (foreground color: #795fa5, background color: #000000, font size: 9.0pt (12px), font weight: normal). Expected contrast ratio of 4.5:1",
    +             "relatedNodes": Array [
    +               Object {
    +                 "html": "<div class=\"bento-item p-6 bg-gradient-to-br from-primary/5 to-accent/5\">",
    +                 "target": Array [
    +                   ".from-primary\\/5",
    +                 ],
    +               },
    +               Object {
    +                 "html": "<main class=\"min-h-screen bg-background\">",
    +                 "target": Array [
    +                   ".min-h-screen",
    +                 ],
    +               },
    +             ],
    +           },
    +         ],
    +         "failureSummary": "Fix any of the following:
    +   Element has insufficient color contrast of 3.99 (foreground color: #795fa5, background color: #000000, font size: 9.0pt (12px), font weight: normal). Expected contrast ratio of 4.5:1",
[...]
    +               "fontWeight": "normal",
    +               "messageKey": null,
    +             },
    +             "id": "color-contrast",
    +             "impact": "serious",
    +             "message": "Element has insufficient color contrast of 3.99 (foreground color: #795fa5, background color: #000000, font size: 9.0pt (12px), font weight: normal). Expected contrast ratio of 4.5:1",
    +             "relatedNodes": Array [
    +               Object {
    +                 "html": "<nav role=\"navigation\" aria-label=\"Bottom navigation\" class=\"fixed bottom-0 left-0 right-0 z-50 md:hidden bg-background/90 backdrop-blur-md border-t border-border/40 pb-2 sm:pb-4\">",
    +                 "target": Array [
    +                   ".fixed",
    +                 ],
    +               },
    +               Object {
    +                 "html": "<main class=\"min-h-screen bg-background\">",
    +                 "target": Array [
    +                   ".min-h-screen",
    +                 ],
    +               },
    +             ],
    +           },
    +         ],
    +         "failureSummary": "Fix any of the following:
    +   Element has insufficient color contrast of 3.99 (foreground color: #795fa5, background color: #000000, font size: 9.0pt (12px), font weight: normal). Expected contrast ratio of 4.5:1",
    +         "html": "<span class=\"text-xs font-medium leading-none transition-all duration-200\">Collections</span>",
    +         "impact": "serious",
    +         "none": Array [],
    +         "target": Array [
    +           "button[aria-label=\"My collections\"] > .leading-none",
    +         ],
    +       },
    +       Object {
    +         "all": Array [],
    +         "any": Array [
    +           Object {
    +             "data": Object {
    +               "bgColor": "#000000",
    +               "contrastRatio": 3.99,
    +               "expectedContrastRatio": "4.5:1",
    +               "fgColor": "#795fa5",
    +               "fontSize": "9.0pt (12px)",
    +               "fontWeight": "normal",
    +               "messageKey": null,
    +             },
    +             "id": "color-contrast",
    +             "impact": "serious",
    +             "message": "Element has insufficient color contrast of 3.99 (foreground color: #795fa5, background color: #000000, font size: 9.0pt (12px), font weight: normal). Expected contrast ratio of 4.5:1",
    +             "relatedNodes": Array [
    +               Object {
    +                 "html": "<nav role=\"navigation\" aria-label=\"Bottom navigation\" class=\"fixed bottom-0 left-0 right-0 z-50 md:hidden bg-background/90 backdrop-blur-md border-t border-border/40 pb-2 sm:pb-4\">",
    +                 "target": Array [
    +                   ".fixed",
    +                 ],
    +               },
    +               Object {
    +                 "html": "<main class=\"min-h-screen bg-background\">",
    +                 "target": Array [
    +                   ".min-h-screen",
    +                 ],
    +               },
    +             ],
    +           },
    +         ],
    +         "failureSummary": "Fix any of the following:
    +   Element has insufficient color contrast of 3.99 (foreground color: #795fa5, background color: #000000, font size: 9.0pt (12px), font weight: normal). Expected contrast ratio of 4.5:1",
    +         "html": "<span class=\"text-xs font-medium leading-none transition-all duration-200\">Quiz</span>",
    +         "impact": "serious",
    +         "none": Array [],
    +         "target": Array [
    +           "button[aria-label=\"Take fragrance quiz\"] > .leading-none",
    +         ],
    +       },
    +       Object {
    +         "all": Array [],
    +         "any": Array [
    +           Object {
    +             "data": Object {
    +               "bgColor": "#000000",
    +               "contrastRatio": 3.99,
    +               "expectedContrastRatio": "4.5:1",
    +               "fgColor": "#795fa5",
    +               "fontSize": "9.0pt (12px)",
    +               "fontWeight": "normal",
    +               "messageKey": null,
    +             },
    +             "id": "color-contrast",
    +             "impact": "serious",
    +             "message": "Element has insufficient color contrast of 3.99 (foreground color: #795fa5, background color: #000000, font size: 9.0pt (12px), font weight: normal). Expected contrast ratio of 4.5:1",
    +             "relatedNodes": Array [
    +               Object {
    +                 "html": "<nav role=\"navigation\" aria-label=\"Bottom navigation\" class=\"fixed bottom-0 left-0 right-0 z-50 md:hidden bg-background/90 backdrop-blur-md border-t border-border/40 pb-2 sm:pb-4\">",
    +                 "target": Array [
    +                   ".fixed",
    +                 ],
    +               },
    +               Object {
    +                 "html": "<main class=\"min-h-screen bg-background\">",
    +                 "target": Array [
    +                   ".min-h-screen",
    +                 ],
    +               },
    +             ],
    +           },
    +         ],
    +         "failureSummary": "Fix any of the following:
    +   Element has insufficient color contrast of 3.99 (foreground color: #795fa5, background color: #000000, font size: 9.0pt (12px), font weight: normal). Expected contrast ratio of 4.5:1",
    +         "html": "<span class=\"text-xs font-medium leading-none transition-all duration-200\">Profile</span>",
    +         "impact": "serious",
    +         "none": Array [],
    +         "target": Array [
    +           "button[aria-label=\"User profile\"] > .leading-none",
    +         ],
    +       },
    +     ],
    +     "tags": Array [
    +       "cat.color",
    +       "wcag2aa",
    +       "wcag143",
    +       "TTv5",
    +       "TT13.c",
    +       "EN-301-549",
    +       "EN-9.1.4.3",
    +       "ACT",
    +     ],
    +   },
    + ]

       99 |       .analyze();
      100 |
    > 101 |     expect(accessibilityScanResults.violations).toEqual([]);
          |                                                 ^
      102 |   });
      103 |
      104 |   test('should have proper focus indicators', async ({ page }) => {
        at /home/kevinjavier/dev/scentmatch/tests/accessibility/browser-accessibility.test.ts:101:49

    attachment #1: screenshot (image/png) ──────────────────────────────────────────────────────────
    ../../test-results/browser-accessibility-Brow-d11fc--support-high-contrast-mode-accessibility-mobile/test-failed-1.png
    ────────────────────────────────────────────────────────────────────────────────────────────────

    Error Context: ../../test-results/browser-accessibility-Brow-d11fc--support-high-contrast-mode-accessibility-mobile/error-context.md
]]>
</failure>
<system-out>
<![CDATA[
[[ATTACHMENT|test-results/browser-accessibility-Brow-d11fc--support-high-contrast-mode-accessibility-mobile/test-failed-1.png]]

[[ATTACHMENT|test-results/browser-accessibility-Brow-d11fc--support-high-contrast-mode-accessibility-mobile/error-context.md]]
]]>
</system-out>
</testcase>
<testcase name="Browser Accessibility Tests - WCAG 2.1 AA › should have proper focus indicators" classname="browser-accessibility.test.ts" time="2.538">
</testcase>
<testcase name="Browser Accessibility Tests - WCAG 2.1 AA › should announce dynamic content changes" classname="browser-accessibility.test.ts" time="2.389">
<failure message="browser-accessibility.test.ts:142:7 should announce dynamic content changes" type="FAILURE">
<![CDATA[  [accessibility-mobile] › browser-accessibility.test.ts:142:7 › Browser Accessibility Tests - WCAG 2.1 AA › should announce dynamic content changes 

    Error: page.evaluate: Execution context was destroyed, most likely because of a navigation

      179 |     
      180 |     // Check that announcement was made
    > 181 |     const announcements = await page.evaluate(() => (window as any).ariaAnnouncements);
          |                                      ^
      182 |     expect(announcements.length).toBeGreaterThan(0);
      183 |   });
      184 |
        at /home/kevinjavier/dev/scentmatch/tests/accessibility/browser-accessibility.test.ts:181:38

    attachment #1: screenshot (image/png) ──────────────────────────────────────────────────────────
    ../../test-results/browser-accessibility-Brow-677a8-nce-dynamic-content-changes-accessibility-mobile/test-failed-1.png
    ────────────────────────────────────────────────────────────────────────────────────────────────

    Error Context: ../../test-results/browser-accessibility-Brow-677a8-nce-dynamic-content-changes-accessibility-mobile/error-context.md
]]>
</failure>
<system-out>
<![CDATA[
[[ATTACHMENT|test-results/browser-accessibility-Brow-677a8-nce-dynamic-content-changes-accessibility-mobile/test-failed-1.png]]

[[ATTACHMENT|test-results/browser-accessibility-Brow-677a8-nce-dynamic-content-changes-accessibility-mobile/error-context.md]]
]]>
</system-out>
</testcase>
<testcase name="Browser Accessibility Tests - WCAG 2.1 AA › should have proper form labels and error handling" classname="browser-accessibility.test.ts" time="3.368">
</testcase>
<testcase name="Browser Accessibility Tests - WCAG 2.1 AA › should support screen reader navigation landmarks" classname="browser-accessibility.test.ts" time="2.568">
</testcase>
<testcase name="Browser Accessibility Tests - WCAG 2.1 AA › should handle touch interactions accessibly" classname="browser-accessibility.test.ts" time="2.535">
<failure message="browser-accessibility.test.ts:239:7 should handle touch interactions accessibly" type="FAILURE">
<![CDATA[  [accessibility-mobile] › browser-accessibility.test.ts:239:7 › Browser Accessibility Tests - WCAG 2.1 AA › should handle touch interactions accessibly 

    Error: expect(received).toBeGreaterThanOrEqual(expected)

    Expected: >= 44
    Received:    1

      250 |       
      251 |       if (box) {
    > 252 |         expect(box.width).toBeGreaterThanOrEqual(44);
          |                           ^
      253 |         expect(box.height).toBeGreaterThanOrEqual(44);
      254 |       }
      255 |     }
        at /home/kevinjavier/dev/scentmatch/tests/accessibility/browser-accessibility.test.ts:252:27

    attachment #1: screenshot (image/png) ──────────────────────────────────────────────────────────
    ../../test-results/browser-accessibility-Brow-b06c3-uch-interactions-accessibly-accessibility-mobile/test-failed-1.png
    ────────────────────────────────────────────────────────────────────────────────────────────────

    Error Context: ../../test-results/browser-accessibility-Brow-b06c3-uch-interactions-accessibly-accessibility-mobile/error-context.md
]]>
</failure>
<system-out>
<![CDATA[
[[ATTACHMENT|test-results/browser-accessibility-Brow-b06c3-uch-interactions-accessibly-accessibility-mobile/test-failed-1.png]]

[[ATTACHMENT|test-results/browser-accessibility-Brow-b06c3-uch-interactions-accessibly-accessibility-mobile/error-context.md]]
]]>
</system-out>
</testcase>
<testcase name="Browser Accessibility Tests - WCAG 2.1 AA › should work with reduced motion preferences" classname="browser-accessibility.test.ts" time="4.325">
<failure message="browser-accessibility.test.ts:258:7 should work with reduced motion preferences" type="FAILURE">
<![CDATA[  [accessibility-mobile] › browser-accessibility.test.ts:258:7 › Browser Accessibility Tests - WCAG 2.1 AA › should work with reduced motion preferences 

    Error: expect(received).toEqual(expected) // deep equality

    - Expected  -  1
    + Received  + 56

    - Array []
    + Array [
    +   Object {
    +     "description": "Ensure the contrast between foreground and background colors meets WCAG 2 AA minimum contrast ratio thresholds",
    +     "help": "Elements must meet minimum color contrast ratio thresholds",
    +     "helpUrl": "https://dequeuniversity.com/rules/axe/4.10/color-contrast?application=playwright",
    +     "id": "color-contrast",
    +     "impact": "serious",
    +     "nodes": Array [
    +       Object {
    +         "all": Array [],
    +         "any": Array [
    +           Object {
    +             "data": Object {
    +               "bgColor": "#ffffff",
    +               "contrastRatio": 2.56,
    +               "expectedContrastRatio": "4.5:1",
    +               "fgColor": "#94a3b8",
    +               "fontSize": "9.0pt (12px)",
    +               "fontWeight": "normal",
    +               "messageKey": null,
    +             },
    +             "id": "color-contrast",
    +             "impact": "serious",
    +             "message": "Element has insufficient color contrast of 2.56 (foreground color: #94a3b8, background color: #ffffff, font size: 9.0pt (12px), font weight: normal). Expected contrast ratio of 4.5:1",
    +             "relatedNodes": Array [
    +               Object {
    +                 "html": "<div class=\"max-w-md w-full mx-auto p-8 bg-white rounded-xl shadow-lg border border-slate-200\">",
    +                 "target": Array [
    +                   ".max-w-md",
    +                 ],
    +               },
    +             ],
    +           },
    +         ],
    +         "failureSummary": "Fix any of the following:
    +   Element has insufficient color contrast of 2.56 (foreground color: #94a3b8, background color: #ffffff, font size: 9.0pt (12px), font weight: normal). Expected contrast ratio of 4.5:1",
    +         "html": "<div class=\"text-xs text-slate-400\">Try searching for popular fragrances like:</div>",
    +         "impact": "serious",
    +         "none": Array [],
    +         "target": Array [
    +           ".text-slate-400",
    +         ],
    +       },
    +     ],
    +     "tags": Array [
    +       "cat.color",
    +       "wcag2aa",
    +       "wcag143",
    +       "TTv5",
    +       "TT13.c",
    +       "EN-301-549",
    +       "EN-9.1.4.3",
    +       "ACT",
    +     ],
    +   },
    + ]

      269 |       .analyze();
      270 |
    > 271 |     expect(accessibilityScanResults.violations).toEqual([]);
          |                                                 ^
      272 |   });
      273 | });
      274 |
        at /home/kevinjavier/dev/scentmatch/tests/accessibility/browser-accessibility.test.ts:271:49

    attachment #1: screenshot (image/png) ──────────────────────────────────────────────────────────
    ../../test-results/browser-accessibility-Brow-0e5c8--reduced-motion-preferences-accessibility-mobile/test-failed-1.png
    ────────────────────────────────────────────────────────────────────────────────────────────────

    Error Context: ../../test-results/browser-accessibility-Brow-0e5c8--reduced-motion-preferences-accessibility-mobile/error-context.md
]]>
</failure>
<system-out>
<![CDATA[
[[ATTACHMENT|test-results/browser-accessibility-Brow-0e5c8--reduced-motion-preferences-accessibility-mobile/test-failed-1.png]]

[[ATTACHMENT|test-results/browser-accessibility-Brow-0e5c8--reduced-motion-preferences-accessibility-mobile/error-context.md]]
]]>
</system-out>
</testcase>
<testcase name="Keyboard Navigation Patterns › should support roving tabindex in navigation" classname="browser-accessibility.test.ts" time="6.724">
<failure message="browser-accessibility.test.ts:276:7 should support roving tabindex in navigation" type="FAILURE">
<![CDATA[  [accessibility-mobile] › browser-accessibility.test.ts:276:7 › Keyboard Navigation Patterns › should support roving tabindex in navigation 

    Error: Timed out 5000ms waiting for expect(locator).toBeFocused()

    Locator: locator('nav button').first()
    Expected: focused
    Received: inactive
    Call log:
      - Expect "toBeFocused" with timeout 5000ms
      - waiting for locator('nav button').first()
        9 × locator resolved to <button tabindex="0" type="button" role="button" data-active="true" aria-current="page" aria-label="Discover fragrances" class="touch-target flex flex-col items-center justify-center gap-1 px-2 py-1 transition-all duration-200 ease-in-out focus-visible:outline-none focus-visible:ring-2 focus-visible:ring-ring focus-visible:ring-offset-2 rounded-lg text-primary">…</button>
          - unexpected value "inactive"


      282 |     
      283 |     const firstNavButton = page.locator('nav button').first();
    > 284 |     await expect(firstNavButton).toBeFocused();
          |                                  ^
      285 |     
      286 |     // Arrow key navigation should work within the navigation
      287 |     await page.keyboard.press('ArrowRight');
        at /home/kevinjavier/dev/scentmatch/tests/accessibility/browser-accessibility.test.ts:284:34

    attachment #1: screenshot (image/png) ──────────────────────────────────────────────────────────
    ../../test-results/browser-accessibility-Keyb-dc6be-ving-tabindex-in-navigation-accessibility-mobile/test-failed-1.png
    ────────────────────────────────────────────────────────────────────────────────────────────────

    Error Context: ../../test-results/browser-accessibility-Keyb-dc6be-ving-tabindex-in-navigation-accessibility-mobile/error-context.md
]]>
</failure>
<system-out>
<![CDATA[
[[ATTACHMENT|test-results/browser-accessibility-Keyb-dc6be-ving-tabindex-in-navigation-accessibility-mobile/test-failed-1.png]]

[[ATTACHMENT|test-results/browser-accessibility-Keyb-dc6be-ving-tabindex-in-navigation-accessibility-mobile/error-context.md]]
]]>
</system-out>
</testcase>
<testcase name="Keyboard Navigation Patterns › should trap focus in modal dialogs" classname="browser-accessibility.test.ts" time="8.389">
<failure message="browser-accessibility.test.ts:292:7 should trap focus in modal dialogs" type="FAILURE">
<![CDATA[  [accessibility-mobile] › browser-accessibility.test.ts:292:7 › Keyboard Navigation Patterns › should trap focus in modal dialogs 

    Error: Timed out 5000ms waiting for expect(locator).toBeFocused()

    Locator: locator('[role="dialog"] button, [role="dialog"] a, [role="dialog"] input').first()
    Expected: focused
    Received: inactive
    Call log:
      - Expect "toBeFocused" with timeout 5000ms
      - waiting for locator('[role="dialog"] button, [role="dialog"] a, [role="dialog"] input').first()
        9 × locator resolved to <button class="block w-full text-left text-muted-foreground hover:text-foreground touch-target touch-feedback-subtle py-3 px-2 rounded-md">Browse Fragrances</button>
          - unexpected value "inactive"


      315 |         // Should wrap to first element
      316 |         await page.keyboard.press('Tab');
    > 317 |         await expect(focusableElements[0]).toBeFocused();
          |                                            ^
      318 |       }
      319 |     }
      320 |   });
        at /home/kevinjavier/dev/scentmatch/tests/accessibility/browser-accessibility.test.ts:317:44

    attachment #1: screenshot (image/png) ──────────────────────────────────────────────────────────
    ../../test-results/browser-accessibility-Keyb-a983d-trap-focus-in-modal-dialogs-accessibility-mobile/test-failed-1.png
    ────────────────────────────────────────────────────────────────────────────────────────────────

    Error Context: ../../test-results/browser-accessibility-Keyb-a983d-trap-focus-in-modal-dialogs-accessibility-mobile/error-context.md
]]>
</failure>
<system-out>
<![CDATA[
[[ATTACHMENT|test-results/browser-accessibility-Keyb-a983d-trap-focus-in-modal-dialogs-accessibility-mobile/test-failed-1.png]]

[[ATTACHMENT|test-results/browser-accessibility-Keyb-a983d-trap-focus-in-modal-dialogs-accessibility-mobile/error-context.md]]
]]>
</system-out>
</testcase>
<testcase name="Keyboard Navigation Patterns › should support Escape key to close overlays" classname="browser-accessibility.test.ts" time="2.594">
</testcase>
</testsuite>
</testsuites>